# JRE version: OpenJDK Runtime Environment (8.0_76-b03) (build 1.8.0_76-release-b03)
# Java VM: OpenJDK 64-Bit Server VM (25.76-b03 mixed mode windows-amd64 compressed oops)
Heap:
 PSYoungGen      total 358400K, used 288186K [0x00000000e0000000, 0x00000000ff780000, 0x0000000100000000)
  eden space 204288K, 100% used [0x00000000e0000000,0x00000000ec780000,0x00000000ec780000)
  from space 154112K, 54% used [0x00000000f5e80000,0x00000000fb06eb08,0x00000000ff500000)
  to   space 154624K, 98% used [0x00000000ec780000,0x00000000f5b90708,0x00000000f5e80000)
 ParOldGen       total 687104K, used 408551K [0x00000000a0000000, 0x00000000c9f00000, 0x00000000e0000000)
  object space 687104K, 59% used [0x00000000a0000000,0x00000000b8ef9cb0,0x00000000c9f00000)
 Metaspace       used 162908K, capacity 173824K, committed 173992K, reserved 1202176K
  class space    used 19325K, capacity 21308K, committed 21424K, reserved 1048576K
GC Heap History (10 events):
Event: 2980.659 GC heap after
Heap after GC invocations=116 (full 20):
 PSYoungGen      total 363008K, used 8138K [0x00000000e0000000, 0x0000000100000000, 0x0000000100000000)
  eden space 199168K, 0% used [0x00000000e0000000,0x00000000e0000000,0x00000000ec280000)
  from space 163840K, 4% used [0x00000000f5f80000,0x00000000f6772b90,0x00000000fff80000)
  to   space 160768K, 0% used [0x00000000ec280000,0x00000000ec280000,0x00000000f5f80000)
 ParOldGen       total 687104K, used 408527K [0x00000000a0000000, 0x00000000c9f00000, 0x00000000e0000000)
  object space 687104K, 59% used [0x00000000a0000000,0x00000000b8ef3cb0,0x00000000c9f00000)
 Metaspace       used 148493K, capacity 158704K, committed 163624K, reserved 1191936K
  class space    used 17686K, capacity 19528K, committed 20784K, reserved 1048576K
}
Event: 2983.225 GC heap before
{Heap before GC invocations=117 (full 20):
 PSYoungGen      total 363008K, used 207306K [0x00000000e0000000, 0x0000000100000000, 0x0000000100000000)
  eden space 199168K, 100% used [0x00000000e0000000,0x00000000ec280000,0x00000000ec280000)
  from space 163840K, 4% used [0x00000000f5f80000,0x00000000f6772b90,0x00000000fff80000)
  to   space 160768K, 0% used [0x00000000ec280000,0x00000000ec280000,0x00000000f5f80000)
 ParOldGen       total 687104K, used 408527K [0x00000000a0000000, 0x00000000c9f00000, 0x00000000e0000000)
  object space 687104K, 59% used [0x00000000a0000000,0x00000000b8ef3cb0,0x00000000c9f00000)
 Metaspace       used 148987K, capacity 159282K, committed 163624K, reserved 1191936K
  class space    used 17737K, capacity 19591K, committed 20784K, reserved 1048576K
Event: 2983.255 GC heap after
Heap after GC invocations=117 (full 20):
 PSYoungGen      total 246784K, used 47253K [0x00000000e0000000, 0x00000000fe700000, 0x0000000100000000)
  eden space 199168K, 0% used [0x00000000e0000000,0x00000000e0000000,0x00000000ec280000)
  from space 47616K, 99% used [0x00000000ec280000,0x00000000ef0a5750,0x00000000ef100000)
  to   space 149504K, 0% used [0x00000000f5500000,0x00000000f5500000,0x00000000fe700000)
 ParOldGen       total 687104K, used 408527K [0x00000000a0000000, 0x00000000c9f00000, 0x00000000e0000000)
  object space 687104K, 59% used [0x00000000a0000000,0x00000000b8ef3cb0,0x00000000c9f00000)
 Metaspace       used 148987K, capacity 159282K, committed 163624K, reserved 1191936K
  class space    used 17737K, capacity 19591K, committed 20784K, reserved 1048576K
}
Event: 2985.377 GC heap before
{Heap before GC invocations=118 (full 20):
 PSYoungGen      total 246784K, used 246421K [0x00000000e0000000, 0x00000000fe700000, 0x0000000100000000)
  eden space 199168K, 100% used [0x00000000e0000000,0x00000000ec280000,0x00000000ec280000)
  from space 47616K, 99% used [0x00000000ec280000,0x00000000ef0a5750,0x00000000ef100000)
  to   space 149504K, 0% used [0x00000000f5500000,0x00000000f5500000,0x00000000fe700000)
 ParOldGen       total 687104K, used 408527K [0x00000000a0000000, 0x00000000c9f00000, 0x00000000e0000000)
  object space 687104K, 59% used [0x00000000a0000000,0x00000000b8ef3cb0,0x00000000c9f00000)
 Metaspace       used 155813K, capacity 166338K, committed 166824K, reserved 1196032K
  class space    used 18528K, capacity 20447K, committed 20912K, reserved 1048576K
Event: 2985.447 GC heap after
Heap after GC invocations=118 (full 20):
 PSYoungGen      total 340480K, used 98774K [0x00000000e0000000, 0x0000000100000000, 0x0000000100000000)
  eden space 190976K, 0% used [0x00000000e0000000,0x00000000e0000000,0x00000000eba80000)
  from space 149504K, 66% used [0x00000000f5500000,0x00000000fb575bc0,0x00000000fe700000)
  to   space 158208K, 0% used [0x00000000eba80000,0x00000000eba80000,0x00000000f5500000)
 ParOldGen       total 687104K, used 408535K [0x00000000a0000000, 0x00000000c9f00000, 0x00000000e0000000)
  object space 687104K, 59% used [0x00000000a0000000,0x00000000b8ef5cb0,0x00000000c9f00000)
 Metaspace       used 155813K, capacity 166338K, committed 166824K, reserved 1196032K
  class space    used 18528K, capacity 20447K, committed 20912K, reserved 1048576K
}
Event: 3012.573 GC heap before
{Heap before GC invocations=119 (full 20):
 PSYoungGen      total 340480K, used 289750K [0x00000000e0000000, 0x0000000100000000, 0x0000000100000000)
  eden space 190976K, 100% used [0x00000000e0000000,0x00000000eba80000,0x00000000eba80000)
  from space 149504K, 66% used [0x00000000f5500000,0x00000000fb575bc0,0x00000000fe700000)
  to   space 158208K, 0% used [0x00000000eba80000,0x00000000eba80000,0x00000000f5500000)
 ParOldGen       total 687104K, used 408535K [0x00000000a0000000, 0x00000000c9f00000, 0x00000000e0000000)
  object space 687104K, 59% used [0x00000000a0000000,0x00000000b8ef5cb0,0x00000000c9f00000)
 Metaspace       used 159586K, capacity 170168K, committed 170408K, reserved 1198080K
  class space    used 18867K, capacity 20780K, committed 20912K, reserved 1048576K
Event: 3012.612 GC heap after
Heap after GC invocations=119 (full 20):
 PSYoungGen      total 349184K, used 71179K [0x00000000e0000000, 0x00000000ff500000, 0x0000000100000000)
  eden space 190976K, 0% used [0x00000000e0000000,0x00000000e0000000,0x00000000eba80000)
  from space 158208K, 44% used [0x00000000eba80000,0x00000000f0002f50,0x00000000f5500000)
  to   space 154112K, 0% used [0x00000000f5e80000,0x00000000f5e80000,0x00000000ff500000)
 ParOldGen       total 687104K, used 408543K [0x00000000a0000000, 0x00000000c9f00000, 0x00000000e0000000)
  object space 687104K, 59% used [0x00000000a0000000,0x00000000b8ef7cb0,0x00000000c9f00000)
 Metaspace       used 159586K, capacity 170168K, committed 170408K, reserved 1198080K
  class space    used 18867K, capacity 20780K, committed 20912K, reserved 1048576K
}
Event: 3015.234 GC heap before
{Heap before GC invocations=120 (full 20):
 PSYoungGen      total 349184K, used 262155K [0x00000000e0000000, 0x00000000ff500000, 0x0000000100000000)
  eden space 190976K, 100% used [0x00000000e0000000,0x00000000eba80000,0x00000000eba80000)
  from space 158208K, 44% used [0x00000000eba80000,0x00000000f0002f50,0x00000000f5500000)
  to   space 154112K, 0% used [0x00000000f5e80000,0x00000000f5e80000,0x00000000ff500000)
 ParOldGen       total 687104K, used 408543K [0x00000000a0000000, 0x00000000c9f00000, 0x00000000e0000000)
  object space 687104K, 59% used [0x00000000a0000000,0x00000000b8ef7cb0,0x00000000c9f00000)
 Metaspace       used 160054K, capacity 170692K, committed 170920K, reserved 1200128K
  class space    used 18914K, capacity 20834K, committed 20912K, reserved 1048576K
Event: 3015.287 GC heap after
Heap after GC invocations=120 (full 20):
 PSYoungGen      total 358400K, used 83898K [0x00000000e0000000, 0x00000000ff780000, 0x0000000100000000)
  eden space 204288K, 0% used [0x00000000e0000000,0x00000000e0000000,0x00000000ec780000)
  from space 154112K, 54% used [0x00000000f5e80000,0x00000000fb06eb08,0x00000000ff500000)
  to   space 154624K, 0% used [0x00000000ec780000,0x00000000ec780000,0x00000000f5e80000)
 ParOldGen       total 687104K, used 408543K [0x00000000a0000000, 0x00000000c9f00000, 0x00000000e0000000)
  object space 687104K, 59% used [0x00000000a0000000,0x00000000b8ef7cb0,0x00000000c9f00000)
 Metaspace       used 160054K, capacity 170692K, committed 170920K, reserved 1200128K
  class space    used 18914K, capacity 20834K, committed 20912K, reserved 1048576K
}
Event: 3017.164 GC heap before
{Heap before GC invocations=121 (full 20):
 PSYoungGen      total 358400K, used 288186K [0x00000000e0000000, 0x00000000ff780000, 0x0000000100000000)
  eden space 204288K, 100% used [0x00000000e0000000,0x00000000ec780000,0x00000000ec780000)
  from space 154112K, 54% used [0x00000000f5e80000,0x00000000fb06eb08,0x00000000ff500000)
  to   space 154624K, 0% used [0x00000000ec780000,0x00000000ec780000,0x00000000f5e80000)
 ParOldGen       total 687104K, used 408543K [0x00000000a0000000, 0x00000000c9f00000, 0x00000000e0000000)
  object space 687104K, 59% used [0x00000000a0000000,0x00000000b8ef7cb0,0x00000000c9f00000)
 Metaspace       used 162908K, capacity 173824K, committed 173992K, reserved 1202176K
  class space    used 19325K, capacity 21308K, committed 21424K, reserved 1048576K

